<<<<<<< HEAD
timestamp: 2024-06-03T12:17:58.221176
=======
timestamp: 2024-06-03T17:01:47.137852
>>>>>>> origin/Ivan
CREATE TABLE "py4web_session"(
    "id" INTEGER PRIMARY KEY AUTOINCREMENT,
    "rkey" CHAR(512),
    "rvalue" TEXT,
    "expiration" INTEGER,
    "created_on" TIMESTAMP,
    "expires_on" TIMESTAMP
);
success!
<<<<<<< HEAD
timestamp: 2024-06-03T12:17:58.222551
=======
timestamp: 2024-06-03T17:01:47.141781
>>>>>>> origin/Ivan
CREATE TABLE "auth_user"(
    "id" INTEGER PRIMARY KEY AUTOINCREMENT,
    "email" CHAR(512) UNIQUE,
    "password" CHAR(512),
    "first_name" CHAR(512),
    "last_name" CHAR(512),
    "sso_id" CHAR(512),
    "action_token" CHAR(512),
    "last_password_change" TIMESTAMP,
    "past_passwords_hash" TEXT
);
success!
<<<<<<< HEAD
timestamp: 2024-06-03T12:17:58.223552
=======
timestamp: 2024-06-03T17:01:47.144873
>>>>>>> origin/Ivan
CREATE TABLE "auth_user_tag_groups"(
    "id" INTEGER PRIMARY KEY AUTOINCREMENT,
    "tagpath" CHAR(512),
    "record_id" INTEGER REFERENCES "auth_user" ("id") ON DELETE CASCADE ON UPDATE CASCADE  
);
success!
<<<<<<< HEAD
timestamp: 2024-06-03T12:17:58.225219
=======
timestamp: 2024-06-03T17:01:47.148959
>>>>>>> origin/Ivan
CREATE TABLE "species"(
    "id" INTEGER PRIMARY KEY AUTOINCREMENT,
    "common_name" CHAR(512)
);
success!
<<<<<<< HEAD
timestamp: 2024-06-03T12:17:58.225907
=======
timestamp: 2024-06-03T17:01:47.150546
>>>>>>> origin/Ivan
CREATE TABLE "sightings"(
    "id" INTEGER PRIMARY KEY AUTOINCREMENT,
    "sampling_event_identifier" CHAR(512),
    "common_name" CHAR(512),
    "observation_count" CHAR(512)
);
success!
<<<<<<< HEAD
timestamp: 2024-06-03T12:17:58.226667
=======
timestamp: 2024-06-03T17:01:47.152272
>>>>>>> origin/Ivan
CREATE TABLE "checklists"(
    "id" INTEGER PRIMARY KEY AUTOINCREMENT,
    "sampling_event_identifier" CHAR(512),
    "latitude" CHAR(512),
    "longitude" CHAR(512),
    "observation_date" CHAR(512),
    "time_observation" CHAR(512),
    "observer_id" CHAR(512),
    "duration_minute" CHAR(512)
);
success!
<<<<<<< HEAD
timestamp: 2024-06-04T23:16:18.753058
CREATE TABLE "User_bird_data"(
    "id" INTEGER PRIMARY KEY AUTOINCREMENT,
    "userid" INTEGER REFERENCES "auth_user" ("id") ON DELETE CASCADE ON UPDATE CASCADE  ,
    "bird_name" CHAR(512),
    "bird_count" INTEGER
);
success!
=======
>>>>>>> origin/Ivan
